c:\users\david\source\repos\tes-reloaded\oblivionreloaded\debug\vc142.pdb
c:\users\david\source\repos\tes-reloaded\oblivionreloaded\debug\vc142.idb
c:\users\david\source\repos\tes-reloaded\oblivionreloaded\debug\shadowmanager.obj
c:\users\david\source\repos\tes-reloaded\oblivionreloaded\debug\shadermanager.obj
c:\users\david\source\repos\tes-reloaded\oblivionreloaded\debug\main.obj
c:\users\david\source\repos\tes-reloaded\oblivionreloaded\debug\sleepingmode.obj
c:\users\david\source\repos\tes-reloaded\oblivionreloaded\debug\rendermanager.obj
c:\users\david\source\repos\tes-reloaded\oblivionreloaded\debug\animation.obj
c:\users\david\source\repos\tes-reloaded\oblivionreloaded\debug\renderhook.obj
c:\users\david\source\repos\tes-reloaded\oblivionreloaded\debug\pluginversion.obj
c:\users\david\source\repos\tes-reloaded\oblivionreloaded\debug\mountedcombat.obj
c:\users\david\source\repos\tes-reloaded\oblivionreloaded\debug\memorymanagement.obj
c:\users\david\source\repos\tes-reloaded\oblivionreloaded\debug\managers.obj
c:\users\david\source\repos\tes-reloaded\oblivionreloaded\debug\keyboardmanager.obj
c:\users\david\source\repos\tes-reloaded\oblivionreloaded\debug\grassmode.obj
c:\users\david\source\repos\tes-reloaded\oblivionreloaded\debug\gamemenumanager.obj
c:\users\david\source\repos\tes-reloaded\oblivionreloaded\debug\gameeventmanager.obj
c:\users\david\source\repos\tes-reloaded\oblivionreloaded\debug\frameratemanager.obj
c:\users\david\source\repos\tes-reloaded\oblivionreloaded\debug\formhook.obj
c:\users\david\source\repos\tes-reloaded\oblivionreloaded\debug\flycam.obj
c:\users\david\source\repos\tes-reloaded\oblivionreloaded\debug\equipmentmanager.obj
c:\users\david\source\repos\tes-reloaded\oblivionreloaded\debug\dodge.obj
c:\users\david\source\repos\tes-reloaded\oblivionreloaded\debug\d3d9hook.obj
c:\users\david\source\repos\tes-reloaded\oblivionreloaded\debug\d3d9device.obj
c:\users\david\source\repos\tes-reloaded\oblivionreloaded\debug\commandmanager.obj
c:\users\david\source\repos\tes-reloaded\oblivionreloaded\debug\cameramode.obj
c:\users\david\source\repos\tes-reloaded\oblivionreloaded\debug\safewrite.obj
c:\users\david\source\repos\tes-reloaded\oblivionreloaded\debug\logger.obj
c:\users\david\source\repos\tes-reloaded\oblivionreloaded\debug\game.obj
c:\users\david\source\repos\tes-reloaded\oblivionreloaded\debug\modules.obj
c:\users\david\source\repos\tes-reloaded\oblivionreloaded\debug\disasm.obj
c:\users\david\source\repos\tes-reloaded\oblivionreloaded\debug\detours.obj
c:\users\david\source\repos\tes-reloaded\oblivionreloaded\debug\windowedmode.obj
c:\users\david\source\repos\tes-reloaded\oblivionreloaded\debug\weathermode.obj
c:\users\david\source\repos\tes-reloaded\oblivionreloaded\debug\texturemanager.obj
c:\users\david\source\repos\tes-reloaded\oblivionreloaded\debug\shaderiohook.obj
c:\users\david\source\repos\tes-reloaded\oblivionreloaded\debug\settingmanager.obj
c:\users\david\source\repos\tes-reloaded\oblivionreloaded\debug\scriptmanager.obj
c:\users\david\source\repos\tes-reloaded\oblivionreloaded\debug\oblivionreloaded.dll
c:\users\david\source\repos\tes-reloaded\oblivionreloaded\debug\oblivionreloaded.ilk
c:\users\david\source\repos\tes-reloaded\oblivionreloaded\debug\oblivionreloaded.pdb
c:\users\david\source\repos\tes-reloaded\oblivionreloaded\debug\oblivionreloaded.lib
c:\users\david\source\repos\tes-reloaded\oblivionreloaded\debug\oblivionreloaded.exp
c:\users\david\source\repos\tes-reloaded\oblivionreloaded\debug\oblivionreloaded.res
c:\users\david\source\repos\tes-reloaded\oblivionreloaded\debug\oblivionreloaded.tlog\cl.command.1.tlog
c:\users\david\source\repos\tes-reloaded\oblivionreloaded\debug\oblivionreloaded.tlog\cl.read.1.tlog
c:\users\david\source\repos\tes-reloaded\oblivionreloaded\debug\oblivionreloaded.tlog\cl.write.1.tlog
c:\users\david\source\repos\tes-reloaded\oblivionreloaded\debug\oblivionreloaded.tlog\link.command.1.tlog
c:\users\david\source\repos\tes-reloaded\oblivionreloaded\debug\oblivionreloaded.tlog\link.read.1.tlog
c:\users\david\source\repos\tes-reloaded\oblivionreloaded\debug\oblivionreloaded.tlog\link.write.1.tlog
c:\users\david\source\repos\tes-reloaded\oblivionreloaded\debug\oblivionreloaded.tlog\oblivionreloaded.write.1u.tlog
c:\users\david\source\repos\tes-reloaded\oblivionreloaded\debug\oblivionreloaded.tlog\rc.command.1.tlog
c:\users\david\source\repos\tes-reloaded\oblivionreloaded\debug\oblivionreloaded.tlog\rc.read.1.tlog
c:\users\david\source\repos\tes-reloaded\oblivionreloaded\debug\oblivionreloaded.tlog\rc.write.1.tlog
