c:\users\david\source\repos\tes-reloaded\oblivionreloaded\release\vc142.pdb
c:\users\david\source\repos\tes-reloaded\oblivionreloaded\release\shadowmanager.obj
c:\users\david\source\repos\tes-reloaded\oblivionreloaded\release\shadermanager.obj
c:\users\david\source\repos\tes-reloaded\oblivionreloaded\release\settingmanager.obj
c:\users\david\source\repos\tes-reloaded\oblivionreloaded\release\renderhook.obj
c:\users\david\source\repos\tes-reloaded\oblivionreloaded\release\keyboardmanager.obj
c:\users\david\source\repos\tes-reloaded\oblivionreloaded\release\grassmode.obj
c:\users\david\source\repos\tes-reloaded\oblivionreloaded\release\gamemenumanager.obj
c:\users\david\source\repos\tes-reloaded\oblivionreloaded\release\gameeventmanager.obj
c:\users\david\source\repos\tes-reloaded\oblivionreloaded\release\safewrite.obj
c:\users\david\source\repos\tes-reloaded\oblivionreloaded\release\logger.obj
c:\users\david\source\repos\tes-reloaded\oblivionreloaded\release\game.obj
c:\users\david\source\repos\tes-reloaded\oblivionreloaded\release\modules.obj
c:\users\david\source\repos\tes-reloaded\oblivionreloaded\release\disasm.obj
c:\users\david\source\repos\tes-reloaded\oblivionreloaded\release\detours.obj
c:\users\david\source\repos\tes-reloaded\oblivionreloaded\release\frameratemanager.obj
c:\users\david\source\repos\tes-reloaded\oblivionreloaded\release\formhook.obj
c:\users\david\source\repos\tes-reloaded\oblivionreloaded\release\flycam.obj
c:\users\david\source\repos\tes-reloaded\oblivionreloaded\release\equipmentmanager.obj
c:\users\david\source\repos\tes-reloaded\oblivionreloaded\release\dodge.obj
c:\users\david\source\repos\tes-reloaded\oblivionreloaded\release\d3d9hook.obj
c:\users\david\source\repos\tes-reloaded\oblivionreloaded\release\d3d9device.obj
c:\users\david\source\repos\tes-reloaded\oblivionreloaded\release\commandmanager.obj
c:\users\david\source\repos\tes-reloaded\oblivionreloaded\release\cameramode.obj
c:\users\david\source\repos\tes-reloaded\oblivionreloaded\release\animation.obj
c:\users\david\source\repos\tes-reloaded\oblivionreloaded\release\managers.obj
c:\users\david\source\repos\tes-reloaded\oblivionreloaded\release\main.obj
c:\users\david\source\repos\tes-reloaded\oblivionreloaded\release\rendermanager.obj
c:\users\david\source\repos\tes-reloaded\oblivionreloaded\release\pluginversion.obj
c:\users\david\source\repos\tes-reloaded\oblivionreloaded\release\mountedcombat.obj
c:\users\david\source\repos\tes-reloaded\oblivionreloaded\release\memorymanagement.obj
c:\users\david\source\repos\tes-reloaded\oblivionreloaded\release\windowedmode.obj
c:\users\david\source\repos\tes-reloaded\oblivionreloaded\release\weathermode.obj
c:\users\david\source\repos\tes-reloaded\oblivionreloaded\release\texturemanager.obj
c:\users\david\source\repos\tes-reloaded\oblivionreloaded\release\sleepingmode.obj
c:\users\david\source\repos\tes-reloaded\oblivionreloaded\release\shaderiohook.obj
c:\users\david\source\repos\tes-reloaded\oblivionreloaded\release\scriptmanager.obj
c:\users\david\source\repos\tes-reloaded\oblivionreloaded\release\oblivionreloaded.dll
c:\users\david\source\repos\tes-reloaded\oblivionreloaded\release\oblivionreloaded.pdb
c:\users\david\source\repos\tes-reloaded\oblivionreloaded\release\oblivionreloaded.lib
c:\users\david\source\repos\tes-reloaded\oblivionreloaded\release\oblivionreloaded.exp
c:\users\david\source\repos\tes-reloaded\oblivionreloaded\release\oblivionreloaded.ipdb
c:\users\david\source\repos\tes-reloaded\oblivionreloaded\release\oblivionreloaded.iobj
c:\users\david\source\repos\tes-reloaded\oblivionreloaded\release\oblivionreloaded.res
c:\users\david\source\repos\tes-reloaded\oblivionreloaded\release\oblivionreloaded.tlog\cl.command.1.tlog
c:\users\david\source\repos\tes-reloaded\oblivionreloaded\release\oblivionreloaded.tlog\cl.read.1.tlog
c:\users\david\source\repos\tes-reloaded\oblivionreloaded\release\oblivionreloaded.tlog\cl.write.1.tlog
c:\users\david\source\repos\tes-reloaded\oblivionreloaded\release\oblivionreloaded.tlog\link.command.1.tlog
c:\users\david\source\repos\tes-reloaded\oblivionreloaded\release\oblivionreloaded.tlog\link.read.1.tlog
c:\users\david\source\repos\tes-reloaded\oblivionreloaded\release\oblivionreloaded.tlog\link.write.1.tlog
c:\users\david\source\repos\tes-reloaded\oblivionreloaded\release\oblivionreloaded.tlog\oblivionreloaded.write.1u.tlog
c:\users\david\source\repos\tes-reloaded\oblivionreloaded\release\oblivionreloaded.tlog\rc.command.1.tlog
c:\users\david\source\repos\tes-reloaded\oblivionreloaded\release\oblivionreloaded.tlog\rc.read.1.tlog
c:\users\david\source\repos\tes-reloaded\oblivionreloaded\release\oblivionreloaded.tlog\rc.write.1.tlog
