c:\users\david\source\repos\tes-reloaded\newvegasreloaded\debug\vc142.pdb
c:\users\david\source\repos\tes-reloaded\newvegasreloaded\debug\vc142.idb
c:\users\david\source\repos\tes-reloaded\newvegasreloaded\debug\managers.obj
c:\users\david\source\repos\tes-reloaded\newvegasreloaded\debug\keyboardmanager.obj
c:\users\david\source\repos\tes-reloaded\newvegasreloaded\debug\gamemenumanager.obj
c:\users\david\source\repos\tes-reloaded\newvegasreloaded\debug\gameeventmanager.obj
c:\users\david\source\repos\tes-reloaded\newvegasreloaded\debug\safewrite.obj
c:\users\david\source\repos\tes-reloaded\newvegasreloaded\debug\logger.obj
c:\users\david\source\repos\tes-reloaded\newvegasreloaded\debug\game.obj
c:\users\david\source\repos\tes-reloaded\newvegasreloaded\debug\modules.obj
c:\users\david\source\repos\tes-reloaded\newvegasreloaded\debug\disasm.obj
c:\users\david\source\repos\tes-reloaded\newvegasreloaded\debug\detours.obj
c:\users\david\source\repos\tes-reloaded\newvegasreloaded\debug\binktextures.obj
c:\users\david\source\repos\tes-reloaded\newvegasreloaded\debug\binker.obj
c:\users\david\source\repos\tes-reloaded\newvegasreloaded\debug\frameratemanager.obj
c:\users\david\source\repos\tes-reloaded\newvegasreloaded\debug\formhook.obj
c:\users\david\source\repos\tes-reloaded\newvegasreloaded\debug\flycam.obj
c:\users\david\source\repos\tes-reloaded\newvegasreloaded\debug\equipmentmanager.obj
c:\users\david\source\repos\tes-reloaded\newvegasreloaded\debug\d3d9hook.obj
c:\users\david\source\repos\tes-reloaded\newvegasreloaded\debug\d3d9device.obj
c:\users\david\source\repos\tes-reloaded\newvegasreloaded\debug\commandmanager.obj
c:\users\david\source\repos\tes-reloaded\newvegasreloaded\debug\cameramode.obj
c:\users\david\source\repos\tes-reloaded\newvegasreloaded\debug\main.obj
c:\users\david\source\repos\tes-reloaded\newvegasreloaded\debug\windowedmode.obj
c:\users\david\source\repos\tes-reloaded\newvegasreloaded\debug\weathermode.obj
c:\users\david\source\repos\tes-reloaded\newvegasreloaded\debug\texturemanager.obj
c:\users\david\source\repos\tes-reloaded\newvegasreloaded\debug\sleepingmode.obj
c:\users\david\source\repos\tes-reloaded\newvegasreloaded\debug\shadowmanager.obj
c:\users\david\source\repos\tes-reloaded\newvegasreloaded\debug\shadermanager.obj
c:\users\david\source\repos\tes-reloaded\newvegasreloaded\debug\shaderiohook.obj
c:\users\david\source\repos\tes-reloaded\newvegasreloaded\debug\settingmanager.obj
c:\users\david\source\repos\tes-reloaded\newvegasreloaded\debug\scriptmanager.obj
c:\users\david\source\repos\tes-reloaded\newvegasreloaded\debug\rendermanager.obj
c:\users\david\source\repos\tes-reloaded\newvegasreloaded\debug\renderhook.obj
c:\users\david\source\repos\tes-reloaded\newvegasreloaded\debug\pluginversion.obj
c:\users\david\source\repos\tes-reloaded\newvegasreloaded\debug\memorymanagement.obj
c:\users\david\source\repos\tes-reloaded\newvegasreloaded\debug\newvegasreloaded.dll
c:\users\david\source\repos\tes-reloaded\newvegasreloaded\debug\newvegasreloaded.ilk
c:\users\david\source\repos\tes-reloaded\newvegasreloaded\debug\newvegasreloaded.pdb
c:\users\david\source\repos\tes-reloaded\newvegasreloaded\debug\newvegasreloaded.lib
c:\users\david\source\repos\tes-reloaded\newvegasreloaded\debug\newvegasreloaded.exp
c:\users\david\source\repos\tes-reloaded\newvegasreloaded\debug\newvegasreloaded.res
c:\users\david\source\repos\tes-reloaded\newvegasreloaded\debug\newvegasreloaded.tlog\cl.command.1.tlog
c:\users\david\source\repos\tes-reloaded\newvegasreloaded\debug\newvegasreloaded.tlog\cl.read.1.tlog
c:\users\david\source\repos\tes-reloaded\newvegasreloaded\debug\newvegasreloaded.tlog\cl.write.1.tlog
c:\users\david\source\repos\tes-reloaded\newvegasreloaded\debug\newvegasreloaded.tlog\link.command.1.tlog
c:\users\david\source\repos\tes-reloaded\newvegasreloaded\debug\newvegasreloaded.tlog\link.read.1.tlog
c:\users\david\source\repos\tes-reloaded\newvegasreloaded\debug\newvegasreloaded.tlog\link.write.1.tlog
c:\users\david\source\repos\tes-reloaded\newvegasreloaded\debug\newvegasreloaded.tlog\newvegasreloaded.write.1u.tlog
c:\users\david\source\repos\tes-reloaded\newvegasreloaded\debug\newvegasreloaded.tlog\rc.command.1.tlog
c:\users\david\source\repos\tes-reloaded\newvegasreloaded\debug\newvegasreloaded.tlog\rc.read.1.tlog
c:\users\david\source\repos\tes-reloaded\newvegasreloaded\debug\newvegasreloaded.tlog\rc.write.1.tlog
