  RenderHook.cpp
  C:\Program Files (x86)\Microsoft DirectX SDK (June 2010)\Include\dinput.h: DIRECTINPUT_VERSION undefined. Defaulting to version 0x0800
C:\Users\David\source\repos\TES-Reloaded\TESReloaded\Framework\Game.h(11777,51): warning C4553: '==': result of expression not used; did you intend '='?
C:\Users\David\source\repos\TES-Reloaded\TESReloaded\Core\RenderHook.cpp(638,8): error C2094: label 'kDetectorWindowCreateTreeViewReturn' was undefined
C:\Users\David\source\repos\TES-Reloaded\TESReloaded\Core\RenderHook.cpp(675,35): error C2065: 'kShowDetectorWindow': undeclared identifier
C:\Users\David\source\repos\TES-Reloaded\TESReloaded\Core\RenderHook.cpp(740,15): error C2065: 'kDetectorWindowSetNodeName': undeclared identifier
C:\Users\David\source\repos\TES-Reloaded\TESReloaded\Core\RenderHook.cpp(740,54): error C2065: 'DetectorWindowSetNodeName': undeclared identifier
C:\Users\David\source\repos\TES-Reloaded\TESReloaded\Core\RenderHook.cpp(741,15): error C2065: 'kDetectorWindowCreateTreeView': undeclared identifier
C:\Users\David\source\repos\TES-Reloaded\TESReloaded\Core\RenderHook.cpp(742,15): error C2065: 'kDetectorWindowDumpAttributes': undeclared identifier
C:\Users\David\source\repos\TES-Reloaded\TESReloaded\Core\RenderHook.cpp(743,15): error C2065: 'kDetectorWindowScale': undeclared identifier
C:\Users\David\source\repos\TES-Reloaded\TESReloaded\Core\RenderHook.cpp(743,39): error C2065: 'kDetectorWindowScaleReturn': undeclared identifier
  RenderManager.cpp
  C:\Program Files (x86)\Microsoft DirectX SDK (June 2010)\Include\dinput.h: DIRECTINPUT_VERSION undefined. Defaulting to version 0x0800
C:\Users\David\source\repos\TES-Reloaded\TESReloaded\Framework\Game.h(11777,51): warning C4553: '==': result of expression not used; did you intend '='?
  ScriptManager.cpp
  C:\Program Files (x86)\Microsoft DirectX SDK (June 2010)\Include\dinput.h: DIRECTINPUT_VERSION undefined. Defaulting to version 0x0800
C:\Users\David\source\repos\TES-Reloaded\TESReloaded\Framework\Game.h(11777,51): warning C4553: '==': result of expression not used; did you intend '='?
C:\Users\David\source\repos\TES-Reloaded\TESReloaded\Core\ScriptManager.cpp(197,11): error C2660: 'ExtraDataList::IsWorn': function does not take 1 arguments
C:\Users\David\source\repos\TES-Reloaded\TESReloaded\Framework\Game.h(9659,11): message : see declaration of 'ExtraDataList::IsWorn'
  ShaderManager.cpp
  C:\Program Files (x86)\Microsoft DirectX SDK (June 2010)\Include\dinput.h: DIRECTINPUT_VERSION undefined. Defaulting to version 0x0800
C:\Users\David\source\repos\TES-Reloaded\TESReloaded\Framework\Game.h(11777,51): warning C4553: '==': result of expression not used; did you intend '='?
C:\Users\David\source\repos\TES-Reloaded\TESReloaded\Core\ShaderManager.cpp(700,38): error C2039: 'unk0D0': is not a member of 'Sky'
C:\Users\David\source\repos\TES-Reloaded\TESReloaded\Framework\Game.h(12060): message : see declaration of 'Sky'
C:\Users\David\source\repos\TES-Reloaded\TESReloaded\Core\ShaderManager.cpp(701,38): error C2039: 'unk0DC': is not a member of 'Sky'
C:\Users\David\source\repos\TES-Reloaded\TESReloaded\Framework\Game.h(12060): message : see declaration of 'Sky'
C:\Users\David\source\repos\TES-Reloaded\TESReloaded\Core\ShaderManager.cpp(702,12): error C2039: 'masserMoon': is not a member of 'Sky'
C:\Users\David\source\repos\TES-Reloaded\TESReloaded\Framework\Game.h(12060): message : see declaration of 'Sky'
C:\Users\David\source\repos\TES-Reloaded\TESReloaded\Core\ShaderManager.cpp(703,12): error C2039: 'masserMoon': is not a member of 'Sky'
C:\Users\David\source\repos\TES-Reloaded\TESReloaded\Framework\Game.h(12060): message : see declaration of 'Sky'
C:\Users\David\source\repos\TES-Reloaded\TESReloaded\Core\ShaderManager.cpp(704,12): error C2039: 'masserMoon': is not a member of 'Sky'
C:\Users\David\source\repos\TES-Reloaded\TESReloaded\Framework\Game.h(12060): message : see declaration of 'Sky'
C:\Users\David\source\repos\TES-Reloaded\TESReloaded\Core\ShaderManager.cpp(705,12): error C2039: 'masserMoon': is not a member of 'Sky'
C:\Users\David\source\repos\TES-Reloaded\TESReloaded\Framework\Game.h(12060): message : see declaration of 'Sky'
C:\Users\David\source\repos\TES-Reloaded\TESReloaded\Core\ShaderManager.cpp(706,12): error C2039: 'masserMoon': is not a member of 'Sky'
C:\Users\David\source\repos\TES-Reloaded\TESReloaded\Framework\Game.h(12060): message : see declaration of 'Sky'
C:\Users\David\source\repos\TES-Reloaded\TESReloaded\Core\ShaderManager.cpp(707,12): error C2039: 'masserMoon': is not a member of 'Sky'
C:\Users\David\source\repos\TES-Reloaded\TESReloaded\Framework\Game.h(12060): message : see declaration of 'Sky'
C:\Users\David\source\repos\TES-Reloaded\TESReloaded\Core\ShaderManager.cpp(708,44): error C2039: 'masserMoon': is not a member of 'Sky'
C:\Users\David\source\repos\TES-Reloaded\TESReloaded\Framework\Game.h(12060): message : see declaration of 'Sky'
C:\Users\David\source\repos\TES-Reloaded\TESReloaded\Core\ShaderManager.cpp(709,39): error C2039: 'secundaMoon': is not a member of 'Sky'
C:\Users\David\source\repos\TES-Reloaded\TESReloaded\Framework\Game.h(12060): message : see declaration of 'Sky'
C:\Users\David\source\repos\TES-Reloaded\TESReloaded\Core\ShaderManager.cpp(1041,45): error C2039: 'GetWaterHeight': is not a member of 'TES'
C:\Users\David\source\repos\TES-Reloaded\TESReloaded\Framework\Game.h(12148): message : see declaration of 'TES'
  ShadowManager.cpp
  C:\Program Files (x86)\Microsoft DirectX SDK (June 2010)\Include\dinput.h: DIRECTINPUT_VERSION undefined. Defaulting to version 0x0800
C:\Users\David\source\repos\TES-Reloaded\TESReloaded\Framework\Game.h(11777,51): warning C4553: '==': result of expression not used; did you intend '='?
