  CameraMode.cpp
  C:\Program Files (x86)\Microsoft DirectX SDK (June 2010)\Include\dinput.h: DIRECTINPUT_VERSION undefined. Defaulting to version 0x0800
  CommandManager.cpp
  C:\Program Files (x86)\Microsoft DirectX SDK (June 2010)\Include\dinput.h: DIRECTINPUT_VERSION undefined. Defaulting to version 0x0800
  D3D9Device.cpp
  C:\Program Files (x86)\Microsoft DirectX SDK (June 2010)\Include\dinput.h: DIRECTINPUT_VERSION undefined. Defaulting to version 0x0800
  D3D9Hook.cpp
  C:\Program Files (x86)\Microsoft DirectX SDK (June 2010)\Include\dinput.h: DIRECTINPUT_VERSION undefined. Defaulting to version 0x0800
  EquipmentManager.cpp
  C:\Program Files (x86)\Microsoft DirectX SDK (June 2010)\Include\dinput.h: DIRECTINPUT_VERSION undefined. Defaulting to version 0x0800
  FlyCam.cpp
  C:\Program Files (x86)\Microsoft DirectX SDK (June 2010)\Include\dinput.h: DIRECTINPUT_VERSION undefined. Defaulting to version 0x0800
  FormHook.cpp
  C:\Program Files (x86)\Microsoft DirectX SDK (June 2010)\Include\dinput.h: DIRECTINPUT_VERSION undefined. Defaulting to version 0x0800
C:\Users\David\source\repos\TES-Reloaded\TESReloaded\Core\FormHook.cpp(56,35): error C2039: 'hdrInfo': is not a member of 'TESWeatherEx'
C:\Users\David\source\repos\TES-Reloaded\TESReloaded\Core\WeatherMode.h(3): message : see declaration of 'TESWeatherEx'
C:\Users\David\source\repos\TES-Reloaded\TESReloaded\Core\FormHook.cpp(56,20): error C2672: 'std::begin': no matching overloaded function found
C:\Users\David\source\repos\TES-Reloaded\TESReloaded\Core\FormHook.cpp(56,63): error C2039: 'hdrInfo': is not a member of 'TESWeatherEx'
C:\Users\David\source\repos\TES-Reloaded\TESReloaded\Core\WeatherMode.h(3): message : see declaration of 'TESWeatherEx'
C:\Users\David\source\repos\TES-Reloaded\TESReloaded\Core\FormHook.cpp(56,50): error C2672: 'std::end': no matching overloaded function found
C:\Users\David\source\repos\TES-Reloaded\TESReloaded\Core\FormHook.cpp(56,10): error C2672: 'std::copy': no matching overloaded function found
C:\Users\David\source\repos\TES-Reloaded\TESReloaded\Core\FormHook.cpp(56,96): error C2780: '_OutIt std::copy(_InIt,_InIt,_OutIt)': expects 3 arguments - 2 provided
C:\Program Files (x86)\Microsoft Visual Studio\2019\Community\VC\Tools\MSVC\14.27.29110\include\xutility(4173): message : see declaration of 'std::copy'
  FrameRateManager.cpp
  C:\Program Files (x86)\Microsoft DirectX SDK (June 2010)\Include\dinput.h: DIRECTINPUT_VERSION undefined. Defaulting to version 0x0800
C:\Users\David\source\repos\TES-Reloaded\TESReloaded\Core\FrameRateManager.cpp(40,21): warning C4018: '<': signed/unsigned mismatch
  GameEventManager.cpp
  C:\Program Files (x86)\Microsoft DirectX SDK (June 2010)\Include\dinput.h: DIRECTINPUT_VERSION undefined. Defaulting to version 0x0800
  GameMenuManager.cpp
  C:\Program Files (x86)\Microsoft DirectX SDK (June 2010)\Include\dinput.h: DIRECTINPUT_VERSION undefined. Defaulting to version 0x0800
C:\Users\David\source\repos\TES-Reloaded\TESReloaded\Core\GameMenuManager.cpp(206,37): warning C4267: '=': conversion from 'size_t' to 'UInt8', possible loss of data
C:\Users\David\source\repos\TES-Reloaded\TESReloaded\Core\GameMenuManager.cpp(208,22): warning C4018: '<': signed/unsigned mismatch
C:\Users\David\source\repos\TES-Reloaded\TESReloaded\Core\GameMenuManager.cpp(235,37): warning C4267: '=': conversion from 'size_t' to 'UInt8', possible loss of data
C:\Users\David\source\repos\TES-Reloaded\TESReloaded\Core\GameMenuManager.cpp(237,22): warning C4018: '<': signed/unsigned mismatch
C:\Users\David\source\repos\TES-Reloaded\TESReloaded\Core\GameMenuManager.cpp(286,37): warning C4267: '=': conversion from 'size_t' to 'UInt8', possible loss of data
C:\Users\David\source\repos\TES-Reloaded\TESReloaded\Core\GameMenuManager.cpp(288,22): warning C4018: '<': signed/unsigned mismatch
C:\Users\David\source\repos\TES-Reloaded\TESReloaded\Core\GameMenuManager.cpp(318,37): warning C4267: '=': conversion from 'size_t' to 'UInt8', possible loss of data
C:\Users\David\source\repos\TES-Reloaded\TESReloaded\Core\GameMenuManager.cpp(320,22): warning C4018: '<': signed/unsigned mismatch
  KeyboardManager.cpp
  C:\Program Files (x86)\Microsoft DirectX SDK (June 2010)\Include\dinput.h: DIRECTINPUT_VERSION undefined. Defaulting to version 0x0800
  Managers.cpp
  C:\Program Files (x86)\Microsoft DirectX SDK (June 2010)\Include\dinput.h: DIRECTINPUT_VERSION undefined. Defaulting to version 0x0800
C:\Users\David\source\repos\TES-Reloaded\TESReloaded\Core\Managers.cpp(17,21): warning C4316: 'ShaderManager': object allocated on the heap may not be aligned 16
  MemoryManagement.cpp
  C:\Program Files (x86)\Microsoft DirectX SDK (June 2010)\Include\dinput.h: DIRECTINPUT_VERSION undefined. Defaulting to version 0x0800
  PluginVersion.cpp
  C:\Program Files (x86)\Microsoft DirectX SDK (June 2010)\Include\dinput.h: DIRECTINPUT_VERSION undefined. Defaulting to version 0x0800
  RenderHook.cpp
  C:\Program Files (x86)\Microsoft DirectX SDK (June 2010)\Include\dinput.h: DIRECTINPUT_VERSION undefined. Defaulting to version 0x0800
  RenderManager.cpp
  C:\Program Files (x86)\Microsoft DirectX SDK (June 2010)\Include\dinput.h: DIRECTINPUT_VERSION undefined. Defaulting to version 0x0800
  ScriptManager.cpp
  C:\Program Files (x86)\Microsoft DirectX SDK (June 2010)\Include\dinput.h: DIRECTINPUT_VERSION undefined. Defaulting to version 0x0800
  SettingManager.cpp
  C:\Program Files (x86)\Microsoft DirectX SDK (June 2010)\Include\dinput.h: DIRECTINPUT_VERSION undefined. Defaulting to version 0x0800
  ShaderIOHook.cpp
  C:\Program Files (x86)\Microsoft DirectX SDK (June 2010)\Include\dinput.h: DIRECTINPUT_VERSION undefined. Defaulting to version 0x0800
  ShaderManager.cpp
  C:\Program Files (x86)\Microsoft DirectX SDK (June 2010)\Include\dinput.h: DIRECTINPUT_VERSION undefined. Defaulting to version 0x0800
C:\Users\David\source\repos\TES-Reloaded\TESReloaded\Core\ShaderManager.cpp(772,42): error C2039: 'degree': is not a member of 'Moon'
C:\Users\David\source\repos\TES-Reloaded\TESReloaded\Framework\Game.h(4031): message : see declaration of 'Moon'
C:\Users\David\source\repos\TES-Reloaded\TESReloaded\Core\ShaderManager.cpp(773,42): error C2039: 'degree': is not a member of 'Moon'
C:\Users\David\source\repos\TES-Reloaded\TESReloaded\Framework\Game.h(4031): message : see declaration of 'Moon'
C:\Users\David\source\repos\TES-Reloaded\TESReloaded\Core\ShaderManager.cpp(776,44): error C2039: 'degree': is not a member of 'Moon'
C:\Users\David\source\repos\TES-Reloaded\TESReloaded\Framework\Game.h(4031): message : see declaration of 'Moon'
C:\Users\David\source\repos\TES-Reloaded\TESReloaded\Core\ShaderManager.cpp(777,44): error C2039: 'degree': is not a member of 'Moon'
C:\Users\David\source\repos\TES-Reloaded\TESReloaded\Framework\Game.h(4031): message : see declaration of 'Moon'
C:\Users\David\source\repos\TES-Reloaded\TESReloaded\Core\ShaderManager.cpp(780,12): error C2039: 'AngleFadeStart': is not a member of 'Moon'
C:\Users\David\source\repos\TES-Reloaded\TESReloaded\Framework\Game.h(4031): message : see declaration of 'Moon'
C:\Users\David\source\repos\TES-Reloaded\TESReloaded\Core\ShaderManager.cpp(781,12): error C2039: 'AngleFadeEnd': is not a member of 'Moon'
C:\Users\David\source\repos\TES-Reloaded\TESReloaded\Framework\Game.h(4031): message : see declaration of 'Moon'
C:\Users\David\source\repos\TES-Reloaded\TESReloaded\Core\ShaderManager.cpp(782,13): error C2039: 'AngleFadeStart': is not a member of 'Moon'
C:\Users\David\source\repos\TES-Reloaded\TESReloaded\Framework\Game.h(4031): message : see declaration of 'Moon'
C:\Users\David\source\repos\TES-Reloaded\TESReloaded\Core\ShaderManager.cpp(783,13): error C2039: 'AngleFadeEnd': is not a member of 'Moon'
C:\Users\David\source\repos\TES-Reloaded\TESReloaded\Framework\Game.h(4031): message : see declaration of 'Moon'
C:\Users\David\source\repos\TES-Reloaded\TESReloaded\Core\ShaderManager.cpp(795,48): error C2039: 'GetGameDaysPassed': is not a member of 'TimeGlobals'
C:\Users\David\source\repos\TES-Reloaded\TESReloaded\Framework\Game.h(5056): message : see declaration of 'TimeGlobals'
C:\Users\David\source\repos\TES-Reloaded\TESReloaded\Core\ShaderManager.cpp(795,6): error C3861: 'GetGameDaysPassed': identifier not found
C:\Users\David\source\repos\TES-Reloaded\TESReloaded\Core\ShaderManager.cpp(796,69): error C2039: 'kClimate_PhaseLengthMask': is not a member of 'TESClimate'
C:\Users\David\source\repos\TES-Reloaded\TESReloaded\Framework\Game.h(1452): message : see declaration of 'TESClimate'
C:\Users\David\source\repos\TES-Reloaded\TESReloaded\Core\ShaderManager.cpp(797,29): error C2039: 'GetGameDaysPassed': is not a member of 'TimeGlobals'
C:\Users\David\source\repos\TES-Reloaded\TESReloaded\Framework\Game.h(5056): message : see declaration of 'TimeGlobals'
C:\Users\David\source\repos\TES-Reloaded\TESReloaded\Core\ShaderManager.cpp(797,46): error C3861: 'GetGameDaysPassed': identifier not found
C:\Users\David\source\repos\TES-Reloaded\TESReloaded\Core\ShaderManager.cpp(798,41): error C2039: 'getPhaseLumCoeff': is not a member of 'Moon'
C:\Users\David\source\repos\TES-Reloaded\TESReloaded\Framework\Game.h(4031): message : see declaration of 'Moon'
C:\Users\David\source\repos\TES-Reloaded\TESReloaded\Core\ShaderManager.cpp(799,27): error C2039: 'GetGameDaysPassed': is not a member of 'TimeGlobals'
C:\Users\David\source\repos\TES-Reloaded\TESReloaded\Framework\Game.h(5056): message : see declaration of 'TimeGlobals'
C:\Users\David\source\repos\TES-Reloaded\TESReloaded\Core\ShaderManager.cpp(799,44): error C3861: 'GetGameDaysPassed': identifier not found
C:\Users\David\source\repos\TES-Reloaded\TESReloaded\Core\ShaderManager.cpp(820,44): error C2039: 'fadeValue': is not a member of 'Moon'
C:\Users\David\source\repos\TES-Reloaded\TESReloaded\Framework\Game.h(4031): message : see declaration of 'Moon'
C:\Users\David\source\repos\TES-Reloaded\TESReloaded\Core\ShaderManager.cpp(821,46): error C2039: 'fadeValue': is not a member of 'Moon'
C:\Users\David\source\repos\TES-Reloaded\TESReloaded\Framework\Game.h(4031): message : see declaration of 'Moon'
C:\Users\David\source\repos\TES-Reloaded\TESReloaded\Core\ShaderManager.cpp(831,43): error C2039: 'fadeValue': is not a member of 'Moon'
C:\Users\David\source\repos\TES-Reloaded\TESReloaded\Framework\Game.h(4031): message : see declaration of 'Moon'
C:\Users\David\source\repos\TES-Reloaded\TESReloaded\Core\ShaderManager.cpp(832,45): error C2039: 'fadeValue': is not a member of 'Moon'
C:\Users\David\source\repos\TES-Reloaded\TESReloaded\Framework\Game.h(4031): message : see declaration of 'Moon'
C:\Users\David\source\repos\TES-Reloaded\TESReloaded\Core\ShaderManager.cpp(846,45): error C2039: 'fadeValue': is not a member of 'Moon'
C:\Users\David\source\repos\TES-Reloaded\TESReloaded\Framework\Game.h(4031): message : see declaration of 'Moon'
C:\Users\David\source\repos\TES-Reloaded\TESReloaded\Core\ShaderManager.cpp(847,47): error C2039: 'fadeValue': is not a member of 'Moon'
C:\Users\David\source\repos\TES-Reloaded\TESReloaded\Framework\Game.h(4031): message : see declaration of 'Moon'
C:\Users\David\source\repos\TES-Reloaded\TESReloaded\Core\ShaderManager.cpp(857,45): error C2039: 'fadeValue': is not a member of 'Moon'
C:\Users\David\source\repos\TES-Reloaded\TESReloaded\Framework\Game.h(4031): message : see declaration of 'Moon'
C:\Users\David\source\repos\TES-Reloaded\TESReloaded\Core\ShaderManager.cpp(858,47): error C2039: 'fadeValue': is not a member of 'Moon'
C:\Users\David\source\repos\TES-Reloaded\TESReloaded\Framework\Game.h(4031): message : see declaration of 'Moon'
C:\Users\David\source\repos\TES-Reloaded\TESReloaded\Core\ShaderManager.cpp(870,45): error C2039: 'fadeValue': is not a member of 'Moon'
C:\Users\David\source\repos\TES-Reloaded\TESReloaded\Framework\Game.h(4031): message : see declaration of 'Moon'
C:\Users\David\source\repos\TES-Reloaded\TESReloaded\Core\ShaderManager.cpp(871,47): error C2039: 'fadeValue': is not a member of 'Moon'
C:\Users\David\source\repos\TES-Reloaded\TESReloaded\Framework\Game.h(4031): message : see declaration of 'Moon'
C:\Users\David\source\repos\TES-Reloaded\TESReloaded\Core\ShaderManager.cpp(881,45): error C2039: 'fadeValue': is not a member of 'Moon'
C:\Users\David\source\repos\TES-Reloaded\TESReloaded\Framework\Game.h(4031): message : see declaration of 'Moon'
C:\Users\David\source\repos\TES-Reloaded\TESReloaded\Core\ShaderManager.cpp(882,47): error C2039: 'fadeValue': is not a member of 'Moon'
C:\Users\David\source\repos\TES-Reloaded\TESReloaded\Framework\Game.h(4031): message : see declaration of 'Moon'
C:\Users\David\source\repos\TES-Reloaded\TESReloaded\Core\ShaderManager.cpp(1582,8): error C2039: 'niDirectionalLight': is not a member of 'TES'
C:\Users\David\source\repos\TES-Reloaded\TESReloaded\Framework\Game.h(4152): message : see declaration of 'TES'
C:\Users\David\source\repos\TES-Reloaded\TESReloaded\Core\ShaderManager.cpp(1583,8): error C2039: 'niDirectionalLight': is not a member of 'TES'
C:\Users\David\source\repos\TES-Reloaded\TESReloaded\Framework\Game.h(4152): message : see declaration of 'TES'
C:\Users\David\source\repos\TES-Reloaded\TESReloaded\Core\ShaderManager.cpp(1584,8): error C2039: 'niDirectionalLight': is not a member of 'TES'
C:\Users\David\source\repos\TES-Reloaded\TESReloaded\Framework\Game.h(4152): message : see declaration of 'TES'
  Compiling...
  ShadowManager.cpp
  C:\Program Files (x86)\Microsoft DirectX SDK (June 2010)\Include\dinput.h: DIRECTINPUT_VERSION undefined. Defaulting to version 0x0800
C:\Users\David\source\repos\TES-Reloaded\TESReloaded\Core\ShadowManager.cpp(402,36): error C2039: 'size': is not a member of 'GridCellArray'
C:\Users\David\source\repos\TES-Reloaded\TESReloaded\Framework\Game.h(4132): message : see declaration of 'GridCellArray'
C:\Users\David\source\repos\TES-Reloaded\TESReloaded\Core\ShadowManager.cpp(402,54): error C2039: 'size': is not a member of 'GridCellArray'
C:\Users\David\source\repos\TES-Reloaded\TESReloaded\Framework\Game.h(4132): message : see declaration of 'GridCellArray'
C:\Users\David\source\repos\TES-Reloaded\TESReloaded\Core\ShadowManager.cpp(431,32): error C2039: 'niNode': is not a member of 'TESObjectCELL'
C:\Users\David\source\repos\TES-Reloaded\TESReloaded\Framework\Game.h(2208): message : see declaration of 'TESObjectCELL'
  SleepingMode.cpp
  C:\Program Files (x86)\Microsoft DirectX SDK (June 2010)\Include\dinput.h: DIRECTINPUT_VERSION undefined. Defaulting to version 0x0800
  TextureManager.cpp
  C:\Program Files (x86)\Microsoft DirectX SDK (June 2010)\Include\dinput.h: DIRECTINPUT_VERSION undefined. Defaulting to version 0x0800
  WeatherMode.cpp
  C:\Program Files (x86)\Microsoft DirectX SDK (June 2010)\Include\dinput.h: DIRECTINPUT_VERSION undefined. Defaulting to version 0x0800
  WindowedMode.cpp
  C:\Program Files (x86)\Microsoft DirectX SDK (June 2010)\Include\dinput.h: DIRECTINPUT_VERSION undefined. Defaulting to version 0x0800
  Binker.cpp
  C:\Program Files (x86)\Microsoft DirectX SDK (June 2010)\Include\dinput.h: DIRECTINPUT_VERSION undefined. Defaulting to version 0x0800
  binktextures.cpp
  C:\Program Files (x86)\Microsoft DirectX SDK (June 2010)\Include\dinput.h: DIRECTINPUT_VERSION undefined. Defaulting to version 0x0800
  detours.cpp
  C:\Program Files (x86)\Microsoft DirectX SDK (June 2010)\Include\dinput.h: DIRECTINPUT_VERSION undefined. Defaulting to version 0x0800
  disasm.cpp
  C:\Program Files (x86)\Microsoft DirectX SDK (June 2010)\Include\dinput.h: DIRECTINPUT_VERSION undefined. Defaulting to version 0x0800
  modules.cpp
  C:\Program Files (x86)\Microsoft DirectX SDK (June 2010)\Include\dinput.h: DIRECTINPUT_VERSION undefined. Defaulting to version 0x0800
  Game.cpp
  C:\Program Files (x86)\Microsoft DirectX SDK (June 2010)\Include\dinput.h: DIRECTINPUT_VERSION undefined. Defaulting to version 0x0800
  Logger.cpp
  C:\Program Files (x86)\Microsoft DirectX SDK (June 2010)\Include\dinput.h: DIRECTINPUT_VERSION undefined. Defaulting to version 0x0800
  SafeWrite.cpp
  C:\Program Files (x86)\Microsoft DirectX SDK (June 2010)\Include\dinput.h: DIRECTINPUT_VERSION undefined. Defaulting to version 0x0800
  Main.cpp
  C:\Program Files (x86)\Microsoft DirectX SDK (June 2010)\Include\dinput.h: DIRECTINPUT_VERSION undefined. Defaulting to version 0x0800
